<?xml version="1.0" encoding="UTF-8"?>
<!-- Generated by org.testng.reporters.JUnitReportReporter -->
<testsuite hostname="Admin-PC" failures="0" tests="2" name="com.prsctice.scripts.Demo1" time="130.267" errors="0" timestamp="2022-03-07T03:05:35 IST" skipped="0">
  <testcase classname="com.prsctice.scripts.Demo1" name="testCase2" time="1.824"/>
  <system-out/>
  <testcase classname="com.prsctice.scripts.Demo1" name="testCase1" time="128.443"/>
  <system-out/>
</testsuite> <!-- com.prsctice.scripts.Demo1 -->
