<?xml version="1.0" encoding="UTF-8"?>
<!-- Generated by org.testng.reporters.JUnitReportReporter -->
<testsuite hostname="Admin-PC" failures="0" tests="2" name="com.prsctice.scripts.Demo2" time="95.600" errors="0" timestamp="2022-03-07T03:08:03 IST" skipped="0">
  <testcase classname="com.prsctice.scripts.Demo2" name="testCase1" time="86.785"/>
  <system-out/>
  <testcase classname="com.prsctice.scripts.Demo2" name="testCase2" time="8.815"/>
  <system-out/>
</testsuite> <!-- com.prsctice.scripts.Demo2 -->
