<?xml version="1.0" encoding="UTF-8"?>
<!-- Generated by org.testng.reporters.JUnitReportReporter -->
<testsuite hostname="Admin-PC" failures="0" tests="2" name="com.practice.scripts.Demo2_Test" time="66.170" errors="0" timestamp="2022-03-27T00:54:54 IST" skipped="0">
  <testcase classname="com.practice.scripts.Demo2_Test" name="testCase1" time="62.673"/>
  <system-out/>
  <testcase classname="com.practice.scripts.Demo2_Test" name="testCase2" time="3.497"/>
  <system-out/>
</testsuite> <!-- com.practice.scripts.Demo2_Test -->
